     1                                  bits 32
     2                                  
     3                                  global start        
     4                                  
     5                                  extern exit
     6                                  extern printf
     7                                  extern scanf
     8                                  import exit msvcrt.dll
     9                                  import printf msvcrt.dll
    10                                  import scanf msvcrt.dll
    11                                  
    12                                  segment data use32 class=data
    13                                  
    14 00000000 00000000                    n dd 0
    15 00000004 6E203D2000                  message db "n = ", 0
    16 00000009 256400                      format db "%d", 0
    17 0000000C 25750A0D00                  formatu db "%u", 10, 13, 0
    18 00000011 257800                      formath db "%x", 0
    19                                  
    20                                  segment code use32 class=code
    21                                      start:
    22                                          
    23 00000000 68[04000000]                    push dword message
    24 00000005 FF15[00000000]                  call [printf]
    25 0000000B 83C404                          add ESP, 4*1
    26                                          
    27 0000000E 68[00000000]                    push dword n
    28 00000013 68[09000000]                    push dword format
    29 00000018 FF15[00000000]                  call [scanf]
    30 0000001E 83C408                          add ESP, 4*2
    31                                          
    32 00000021 FF35[00000000]                  push dword [n]
    33 00000027 68[11000000]                    push dword formath
    34 0000002C FF15[00000000]                  call [printf]
    35 00000032 83C408                          add ESP, 4*2
    36                                          
    37                                          
    38                                          
    39 00000035 6A00                            push dword 0
    40 00000037 FF15[00000000]                  call [exit]
