     1                                  bits 32
     2                                  
     3                                  global start        
     4                                  
     5                                  extern exit, scanf, printf, fopen, fprintf, fread
     6                                  import exit msvcrt.dll
     7                                  import scanf msvcrt.dll
     8                                  import printf msvcrt.dll
     9                                  import fopen msvcrt.dll
    10                                  import fprintf msvcrt.dll
    11                                  import fread msvcrt.dll
    12                                  
    13                                  segment data use32 class=data
    14 00000000 666973696572203D20-         msj_fisier db "fisier = ", 0
    14 00000009 00                 
    15 0000000A 257300                      fmt_string db "%s", 0
    16 0000000D 00<rept>                    nume_fisier times 16 db 0
    17                                  segment code use32 class=code
    18                                      start:
    19                                          
    20 00000000 68[00000000]                    push dword msj_fisier
    21 00000005 FF15[00000000]                  call [printf]
    22 0000000B 83C404                          add esp, 4*1
    23                                          
    24 0000000E 68[0D000000]                    push dword nume_fisier
    25 00000013 68[0A000000]                    push dword fmt_string
    26 00000018 FF15[00000000]                  call [scanf]
    27 0000001E 83C408                          add esp, 4*2
    28                                          
    29 00000021 668D15[0D000000]                lea dx, [nume_fisier]
    30 00000028 B409                            mov ah, 9
    31 0000002A CD21                            int 21h
    32                                          
    33 0000002C 6A00                            push dword 0
    34 0000002E FF15[00000000]                  call [exit]
