     1                                  bits 32
     2                                  ;se citeste numele unui fisier
     3                                  ;un caracter si un n
     4                                  ;in output.txt se pune contiutul fisierului si litera carater sa apara de n ori
     5                                  global start        
     6                                  
     7                                  extern exit, scanf, printf, fopen, fprintf, fread, fclose
     8                                  import exit msvcrt.dll
     9                                  import scanf msvcrt.dll
    10                                  import printf msvcrt.dll
    11                                  import fopen msvcrt.dll
    12                                  import fprintf msvcrt.dll
    13                                  import fread msvcrt.dll
    14                                  import fclose msvcrt.dll
    15                                  
    16                                  segment data use32 class=data
    17 00000000 FFFFFFFF                    desc_fisier_in dd -1
    18 00000004 FFFFFFFF                    desc_fisier_out dd -1
    19 00000008 256400                      fmt_d db "%d", 0
    20 0000000B 257300                      fmt_s db "%s", 0
    21 0000000E 257800                      fmt_x db "%x", 0
    22 00000011 256300                      fmt_c db "%c", 0
    23 00000014 4E756D652066697369-         p_fisier db "Nume fisier: ", 0
    23 0000001D 65723A2000         
    24 00000022 43617261637465723A-         p_caracter db "Caracter: ", 0
    24 0000002B 2000               
    25 0000002D 0A0D00                      new_line db 10, 13, 0
    26 00000030 00                          to_be_rep_char db 0
    27 00000031 6E203D2000                  p_n db "n = ", 0
    28 00000036 772B00                      open_access_w db "w+", 0
    29 00000039 722B00                      open_access_r db "r+", 0
    30 0000003C 00<rept>                    nume_fisier times 20 db 0
    31 00000050 6F75747075742E7478-         nume_fisier_out db "output.txt", 0
    31 00000059 7400               
    32 0000005B 00000000                    n dd 0
    33                                      len equ 1
    34 0000005F <res 00000001>              buffer resb len
    35 00000060 00                          char db 0
    36                                      
    37                                      
    38                                  segment code use32 class=code
    39                                      start:
    40                                          
    41                                          ;citire nume fisier
    42 00000000 68[14000000]                    push dword p_fisier
    43 00000005 FF15[00000000]                  call [printf]
    44 0000000B 83C404                          add esp, 4
    45                                          
    46 0000000E 68[3C000000]                    push dword nume_fisier
    47 00000013 68[0B000000]                    push dword fmt_s
    48 00000018 FF15[00000000]                  call [scanf]
    49 0000001E 83C408                          add esp, 4*2
    50                                          
    51 00000021 68[2D000000]                    push dword new_line
    52 00000026 68[31000000]                    push dword p_n
    53 0000002B 68[0B000000]                    push dword fmt_s
    54 00000030 FF15[00000000]                  call [printf]
    55 00000036 83C40C                          add esp, 4*3
    56                                          
    57 00000039 68[5B000000]                    push dword n
    58 0000003E 68[08000000]                    push dword fmt_d
    59 00000043 FF15[00000000]                  call [scanf]
    60 00000049 83C408                          add esp, 4*2
    61                                          
    62 0000004C 68[2D000000]                    push dword new_line
    63 00000051 68[22000000]                    push dword p_caracter
    64 00000056 68[0B000000]                    push dword fmt_s
    65 0000005B FF15[00000000]                  call [printf]
    66 00000061 83C40C                          add esp, 4*3
    67                                          
    68 00000064 68[30000000]                    push dword to_be_rep_char
    69 00000069 68[0B000000]                    push dword fmt_s
    70 0000006E FF15[00000000]                  call [scanf]
    71 00000074 83C408                          add esp, 4*2
    72                                          
    73                                          ;deschidere fisier input
    74 00000077 68[39000000]                    push dword open_access_r
    75 0000007C 68[3C000000]                    push dword nume_fisier
    76 00000081 FF15[00000000]                  call [fopen]
    77 00000087 83C408                          add esp, 4*2
    78                                          
    79 0000008A 83F800                          cmp eax, 0
    80 0000008D 0F8485000000                    je final
    81 00000093 A3[00000000]                    mov [desc_fisier_in], eax
    82                                          
    83 00000098 68[36000000]                    push dword open_access_w
    84 0000009D 68[50000000]                    push dword nume_fisier_out
    85 000000A2 FF15[00000000]                  call [fopen]
    86                                          
    87 000000A8 83F800                          cmp eax, 0
    88 000000AB 746B                            je final
    89                                          
    90 000000AD A3[04000000]                    mov [desc_fisier_out], eax
    91                                          
    92                                          citire_fisier_in:
    93 000000B2 FF35[00000000]                      push dword [desc_fisier_in]
    94 000000B8 6A01                                push dword len
    95 000000BA 6A01                                push dword 1
    96 000000BC 68[5F000000]                        push dword buffer
    97 000000C1 FF15[00000000]                      call [fread]
    98 000000C7 83C410                              add esp, 4*4
    99                                              
   100 000000CA 83F800                              cmp eax, 0
   101 000000CD 7449                                je final
   102                                              
   103 000000CF A0[5F000000]                        mov al, [buffer]
   104                                              
   105 000000D4 A2[60000000]                        mov [char], al
   106                                              
   107 000000D9 60                                  pushad
   108                                              
   109 000000DA 68[60000000]                        push dword char
   110 000000DF FF35[04000000]                      push dword [desc_fisier_out]
   111 000000E5 FF15[00000000]                      call [fprintf]
   112 000000EB 83C408                              add esp, 4*2
   113                                              
   114 000000EE 61                                  popad
   115                                              
   116 000000EF 8A1D[30000000]                      mov bl, [to_be_rep_char]
   117 000000F5 38D8                                cmp byte al, bl
   118 000000F7 751D                                jne nu_repeta
   119                                              
   120 000000F9 B902000000                          mov ecx, 2
   121                                              repeta :
   122 000000FE 60                                      pushad
   123 000000FF 68[60000000]                            push dword char
   124 00000104 FF35[04000000]                          push dword [desc_fisier_out]
   125 0000010A FF15[00000000]                          call [fprintf]
   126 00000110 83C408                                  add esp, 4*2
   127 00000113 61                                      popad
   128                                                  
   129 00000114 E2E8                                    loop repeta
   130                                              
   131                                              nu_repeta:
   132                                              
   133 00000116 EB9A                                jmp citire_fisier_in
   134                                          
   135                                              
   136                                          
   137                                          final:
   138                                          
   139 00000118 FF35[00000000]                      push dword [desc_fisier_in]
   140 0000011E FF15[00000000]                      call [fclose]
   141 00000124 83C404                              add esp, 4
   142                                              
   143 00000127 FF35[04000000]                      push dword [desc_fisier_out]
   144 0000012D FF15[00000000]                      call [fclose]
   145 00000133 83C404                              add esp, 4
   146 00000136 6A00                                push dword 0
   147 00000138 FF15[00000000]                      call [exit]
