     1                                  bits 32
     2                                  ;se citeste numele unui fisier
     3                                  ;un caracter si un n
     4                                  ;in output.txt se pune contiutul fisierului si litera carater sa apara de n ori
     5                                  global start        
     6                                  
     7                                  extern exit, scanf, printf, fopen, fprintf, fread, fclose
     8                                  import exit msvcrt.dll
     9                                  import scanf msvcrt.dll
    10                                  import printf msvcrt.dll
    11                                  import fopen msvcrt.dll
    12                                  import fprintf msvcrt.dll
    13                                  import fread msvcrt.dll
    14                                  import fclose msvcrt.dll
    15                                  
    16                                  segment data use32 class=data
    17 00000000 00000000                    counter_voc dd 0
    18 00000004 257300                      fmt_s db "%s", 0
    19 00000007 256400                      fmt_d db "%d", 0
    20 0000000A 6E203D2000                  p_n db "n = ", 0
    21 0000000F 76203D2000                  p_v db "v = ", 0
    22 00000014 0A00                        new_line db 10, 0
    23 00000016 496E74726F64756365-         p_int db "Introduceti mesaje pana la # ", 10, 13, 0
    23 0000001F 7469206D6573616A65-
    23 00000028 2070616E61206C6120-
    23 00000031 23200A0D00         
    24 00000036 496E74726F64756365-         p_voc db "Introduceti nr vocale: ", 0
    24 0000003F 7469206E7220766F63-
    24 00000048 616C653A2000       
    25 0000004E 6F75742E74787400            nume_fisier db "out.txt", 0
    26 00000056 772B00                      access db "w+", 0
    27 00000059 00000000                    vocale dd 0
    28 0000005D 00000000                    n dd 0
    29 00000061 FFFFFFFF                    desc_fisier dd -1
    30 00000065 <res 00000008>              cuvant resb 8
    31 0000006D 23                          stopper db "#"
    32                                      
    33                                      
    34                                  segment code use32 class=code
    35                                      start:
    36                                      
    37 00000000 68[36000000]                    push dword p_voc
    38 00000005 68[04000000]                    push dword fmt_s
    39 0000000A FF15[00000000]                  call [printf]
    40 00000010 83C408                          add esp, 4*2
    41                                          
    42 00000013 68[59000000]                    push dword vocale
    43 00000018 68[07000000]                    push dword fmt_d
    44 0000001D FF15[00000000]                  call [scanf]
    45 00000023 83C408                          add esp, 4*2
    46                                          
    47 00000026 68[16000000]                    push dword p_int
    48 0000002B 68[04000000]                    push dword fmt_s
    49 00000030 FF15[00000000]                  call [printf]
    50 00000036 83C40C                          add esp, 4*3
    51                                          
    52 00000039 68[56000000]                    push dword access
    53 0000003E 68[4E000000]                    push dword nume_fisier
    54 00000043 FF15[00000000]                  call [fopen]
    55 00000049 83C408                          add esp, 4*2
    56                                          
    57 0000004C 83F800                          cmp eax, 0
    58 0000004F 0F84BC000000                    je final
    59                                          
    60 00000055 A3[61000000]                    mov [desc_fisier], eax
    61                                          
    62                                          
    63                                          citire:
    64 0000005A C705[65000000]0000-                 mov dword [cuvant], 0
    64 00000062 0000               
    65 00000064 68[65000000]                        push dword cuvant
    66 00000069 68[04000000]                        push dword fmt_s
    67 0000006E FF15[00000000]                      call [scanf]
    68                                              
    69 00000074 A1[65000000]                        mov eax, [cuvant]
    70 00000079 6698                                cbw
    71 0000007B 98                                  cwde
    72 0000007C 83F823                              cmp eax, '#'
    73 0000007F 0F848C000000                        je final
    74                                              
    75 00000085 BE00000000                          mov esi, 0
    76                                              
    77 0000008A C705[00000000]0000-                 mov dword [counter_voc], 0
    77 00000092 0000               
    78                                              
    79                                              nr_voc:
    80 00000094 80BE[65000000]00                        cmp byte [cuvant+esi], 0
    81 0000009B 7438                                    je compare
    82                                                  
    83 0000009D 80BE[65000000]61                        cmp byte [cuvant+esi], 'a'
    84 000000A4 7426                                    je add_voc
    85                                                  
    86 000000A6 80BE[65000000]65                        cmp byte [cuvant+esi], 'e'
    87 000000AD 741D                                    je add_voc
    88                                                  
    89 000000AF 80BE[65000000]69                        cmp byte [cuvant+esi], 'i'
    90 000000B6 7414                                    je add_voc
    91                                                  
    92 000000B8 80BE[65000000]6F                        cmp byte [cuvant+esi], 'o'
    93 000000BF 740B                                    je add_voc
    94                                                  
    95 000000C1 80BE[65000000]61                        cmp byte [cuvant+esi], 'a'
    96 000000C8 7402                                    je add_voc
    97                                                  
    98 000000CA EB06                                    jmp not_voc
    99                                                          
   100                                                  add_voc:
   101 000000CC FF05[00000000]                              inc dword [counter_voc]
   102                                                     
   103                                                  not_voc:
   104 000000D2 46                                      inc esi
   105 000000D3 EBBF                                    jmp nr_voc
   106                                              
   107                                              compare:
   108 000000D5 B800000000                              mov eax, 0
   109 000000DA A1[00000000]                            mov eax, [counter_voc]
   110 000000DF BB00000000                              mov ebx, 0
   111 000000E4 8B1D[59000000]                          mov ebx, [vocale]
   112 000000EA 39D8                                    cmp eax, ebx
   113 000000EC 7C1E                                    jl continue
   114                                              
   115                                              print_cuv:
   116 000000EE 68[14000000]                            push dword new_line
   117 000000F3 68[65000000]                            push dword cuvant
   118 000000F8 68[04000000]                            push dword fmt_s
   119 000000FD FF35[61000000]                          push dword [desc_fisier]
   120 00000103 FF15[00000000]                          call [fprintf]
   121 00000109 83C40C                                  add esp, 4*3
   122                                              
   123                                              continue:
   124 0000010C E949FFFFFF                          jmp citire
   125                                              
   126                                      final:
   127                                      
   128 00000111 FF35[61000000]                  push dword [desc_fisier]
   129 00000117 FF15[00000000]                  call [fclose]
   130 0000011D 83C404                          add esp, 4
   131 00000120 6A00                            push dword 0
   132 00000122 FF15[00000000]                  call [exit]
