     1                                  bits 32
     2                                  ;se citeste numele unui fisier
     3                                  ;un caracter si un n
     4                                  ;in output.txt se pune contiutul fisierului si litera carater sa apara de n ori
     5                                  global start        
     6                                  
     7                                  extern exit, scanf, printf, fopen, fprintf, fread, fclose
     8                                  import exit msvcrt.dll
     9                                  import scanf msvcrt.dll
    10                                  import printf msvcrt.dll
    11                                  import fopen msvcrt.dll
    12                                  import fprintf msvcrt.dll
    13                                  import fread msvcrt.dll
    14                                  import fclose msvcrt.dll
    15                                  
    16                                  segment data use32 class=data
    17 00000000 257300                      fmt_s db "%s", 0
    18 00000003 256300                      fmt_c db "%c", 0
    19 00000006 4E756D652066697369-         p_nume db "Nume fisier: ", 0
    19 0000000F 65723A2000         
    20 00000014 00<rept>                    nume_fisier times 10 db 0
    21 0000001E FFFFFFFF                    desc_fisier dd -1
    22 00000022 772B00                      mod_access db "w+", 0
    23                                      
    24                                      
    25                                  segment code use32 class=code
    26                                      start:
    27                                          
    28 00000000 68[06000000]                    push dword p_nume
    29 00000005 FF15[00000000]                  call [printf]
    30 0000000B 83C404                          add esp, 4
    31                                          
    32 0000000E 68[14000000]                    push dword nume_fisier
    33 00000013 68[00000000]                    push dword fmt_s
    34 00000018 FF15[00000000]                  call [scanf]
    35 0000001E 83C408                          add esp, 4*2
    36                                          
    37 00000021 68[22000000]                    push dword mod_access
    38 00000026 68[14000000]                    push dword nume_fisier
    39 0000002B FF15[00000000]                  call [fopen]
    40 00000031 83C408                          add esp, 4*2
    41                                          
    42 00000034 83F800                          cmp eax, 0
    43 00000037 7479                            je final
    44                                          
    45 00000039 A3[1E000000]                    mov [desc_fisier], eax
    46                                          
    47 0000003E B909000000                      mov ecx, 9
    48 00000043 BE08000000                      mov esi, 8
    49                                          parc_nume:
    50                                          
    51 00000048 83FEFF                              cmp esi, -1
    52 0000004B 7465                                je final
    53                                              
    54 0000004D 60                                  pushad
    55 0000004E 8A86[14000000]                      mov al, [nume_fisier+esi]
    56                                              
    57 00000054 3C41                                cmp al, 'A'
    58 00000056 721C                                jb continue
    59 00000058 3C5A                                cmp al, 'Z'
    60 0000005A 7718                                ja continue
    61                                              
    62 0000005C 6698                                cbw
    63 0000005E 98                                  cwde
    64                                              
    65 0000005F 50                                  push dword eax
    66 00000060 68[03000000]                        push dword fmt_c
    67 00000065 FF35[1E000000]                      push dword [desc_fisier]
    68 0000006B FF15[00000000]                      call [fprintf]
    69 00000071 83C40C                              add esp, 4*3
    70                                              
    71                                              
    72                                              continue:
    73 00000074 61                                  popad
    74 00000075 4E                                  dec esi
    75 00000076 E2D0                                loop parc_nume
    76                                              
    77 00000078 B909000000                      mov ecx, 9
    78 0000007D BE08000000                      mov esi, 8
    79                                          parc_nume_2:
    80                                          
    81 00000082 83FEFF                              cmp esi, -1
    82 00000085 742B                                je final
    83                                              
    84 00000087 60                                  pushad
    85 00000088 8A86[14000000]                      mov al, [nume_fisier+esi]
    86                                              
    87 0000008E 3C61                                cmp al, 'a'
    88 00000090 721C                                jb continue2
    89 00000092 3C7A                                cmp al, 'z'
    90 00000094 7718                                ja continue2
    91                                              
    92 00000096 6698                                cbw
    93 00000098 98                                  cwde
    94                                              
    95 00000099 50                                  push dword eax
    96 0000009A 68[03000000]                        push dword fmt_c
    97 0000009F FF35[1E000000]                      push dword [desc_fisier]
    98 000000A5 FF15[00000000]                      call [fprintf]
    99 000000AB 83C40C                              add esp, 4*3
   100                                              
   101                                              
   102                                              continue2:
   103 000000AE 61                                  popad
   104 000000AF 4E                                  dec esi
   105 000000B0 E2D0                                loop parc_nume_2
   106                                          
   107                                              
   108                                      final:
   109                                      
   110 000000B2 FF35[1E000000]                  push dword [desc_fisier]
   111 000000B8 FF15[00000000]                  call [fclose]
   112 000000BE 83C404                          add esp, 4
   113                                          
   114 000000C1 6A00                            push dword 0
   115 000000C3 FF15[00000000]                  call [exit]
