     1                                  bits 32
     2                                  ;sa se scrie in fisier pt fiecare numar numarul de biti de 1
     3                                  ;de la numerele citite de la tastatura
     4                                  global start        
     5                                  
     6                                  extern exit, scanf, printf, fopen, fprintf, fread, fclose, fwrite
     7                                  import exit msvcrt.dll
     8                                  import scanf msvcrt.dll
     9                                  import printf msvcrt.dll
    10                                  import fopen msvcrt.dll
    11                                  import fprintf msvcrt.dll
    12                                  import fread msvcrt.dll
    13                                  import fclose msvcrt.dll
    14                                  import fwrite msvcrt.dll
    15                                  
    16                                  segment data use32 class=data
    17 00000000 FFFFFFFF                    desc_fisier dd -1
    18 00000004 696E7075742E747874-         nume_fisier db "input.txt", 0
    18 0000000D 00                 
    19 0000000E 257300                      fmt_s db "%s", 0
    20 00000011 256300                      fmt_c db "%c", 0
    21 00000014 256400                      fmt_d db "%d", 0
    22 00000017 0A00                        new_line db "", 10, 0
    23 00000019 00000000                    numar dd 0
    24 0000001D 772B00                      access db "w+", 0
    25 00000020 496E74726F64756365-         msg db "Introduceti numere pana la 0: ", 10, 13, 0
    25 00000029 7469206E756D657265-
    25 00000032 2070616E61206C6120-
    25 0000003B 303A200A0D00       
    26 00000041 00                          nr_biti db 0
    27                                      
    28                                  segment code use32 class=code
    29                                      start:
    30                                          
    31 00000000 68[1D000000]                    push dword access
    32 00000005 68[04000000]                    push dword nume_fisier
    33 0000000A FF15[00000000]                  call [fopen]
    34 00000010 83C408                          add esp, 4*2
    35                                          
    36 00000013 83F800                          cmp eax, 0
    37 00000016 0F84D1000000                    je final
    38                                          
    39 0000001C A3[00000000]                    mov [desc_fisier], eax
    40                                          
    41 00000021 68[20000000]                    push dword msg
    42 00000026 FF15[00000000]                  call [printf]
    43 0000002C 83C404                          add esp, 4
    44                                          
    45                                          citire_tastatura:
    46                                              
    47 0000002F 60                                  pushad
    48                                              
    49 00000030 68[19000000]                        push dword numar
    50 00000035 68[14000000]                        push dword fmt_d
    51 0000003A FF15[00000000]                      call [scanf]
    52 00000040 83C408                              add esp, 4*2
    53                                              
    54                                              
    55 00000043 833D[19000000]00                    cmp dword [numar], 0
    56 0000004A 0F849D000000                        je final
    57                                              
    58 00000050 61                                  popad
    59                                              write_nr:
    60                                                  
    61 00000051 B91F000000                              mov ecx, 31
    62 00000056 C605[41000000]00                        mov byte [nr_biti], 0
    63 0000005D A1[19000000]                            mov eax, [numar]
    64                                                  nr_biti_count:
    65 00000062 B300                                        mov bl, 0
    66 00000064 D1E8                                        shr eax, 1
    67                                                      
    68 00000066 80D300                                      adc bl, 0
    69 00000069 80FB01                                      cmp bl, 1
    70                                                      
    71                                                  
    72                                                      
    73 0000006C 7506                                        jne not_one
    74 0000006E FE05[41000000]                              inc byte [nr_biti]
    75                                                      not_one:
    76                                                      
    77 00000074 E2EC                                        loop nr_biti_count
    78                                                      
    79                                                  
    80 00000076 60                                      pushad
    81                                                  
    82 00000077 FF35[19000000]                          push dword [numar]
    83 0000007D 68[14000000]                            push dword fmt_d
    84 00000082 FF35[00000000]                          push dword [desc_fisier]
    85 00000088 FF15[00000000]                          call [fprintf]
    86 0000008E 83C40C                                  add esp, 4*3
    87                                                  
    88 00000091 68[17000000]                            push dword new_line
    89 00000096 FF35[00000000]                          push dword [desc_fisier]
    90 0000009C FF15[00000000]                          call [fprintf]
    91 000000A2 83C408                                  add esp, 4*2
    92                                                  
    93 000000A5 FF35[41000000]                          push dword [nr_biti]
    94 000000AB 68[14000000]                            push dword fmt_d
    95 000000B0 FF35[00000000]                          push dword [desc_fisier]
    96 000000B6 FF15[00000000]                          call [fprintf]
    97 000000BC 83C40C                                  add esp, 4*3
    98                                                  
    99 000000BF 68[17000000]                            push dword new_line
   100 000000C4 FF35[00000000]                          push dword [desc_fisier]
   101 000000CA FF15[00000000]                          call [fprintf]
   102 000000D0 83C408                                  add esp, 4*2
   103                                                  
   104 000000D3 68[17000000]                            push dword new_line
   105 000000D8 FF35[00000000]                          push dword [desc_fisier]
   106 000000DE FF15[00000000]                          call [fprintf]
   107 000000E4 83C408                                  add esp, 4*2
   108                                                  
   109                                                  
   110 000000E7 61                                      popad
   111 000000E8 E942FFFFFF                      jmp citire_tastatura
   112                                          
   113                                      final:
   114                                      
   115 000000ED FF35[00000000]                  push dword [desc_fisier]
   116 000000F3 FF15[00000000]                  call [fclose]
   117 000000F9 83C404                          add esp, 4
   118                                          
   119                                      close:
   120 000000FC 6A00                            push dword 0
   121 000000FE FF15[00000000]                  call [exit]
