     1                                  bits 32
     2                                  ;se citesc caractere pana la !
     3                                  ;se pritneaza nr de vocale
     4                                  global start        
     5                                  
     6                                  extern exit, scanf, printf, fopen, fprintf, fread, fclose, fwrite
     7                                  import exit msvcrt.dll
     8                                  import scanf msvcrt.dll
     9                                  import printf msvcrt.dll
    10                                  import fopen msvcrt.dll
    11                                  import fprintf msvcrt.dll
    12                                  import fread msvcrt.dll
    13                                  import fclose msvcrt.dll
    14                                  import fwrite msvcrt.dll
    15                                  
    16                                  segment data use32 class=data
    17 00000000 FFFFFFFF                    desc_fisier dd -1
    18 00000004 696E7075742E747874-         nume_fisier db "input.txt", 0
    18 0000000D 00                 
    19 0000000E 257300                      fmt_s db "%s", 0
    20 00000011 256300                      fmt_c db "%c", 0
    21 00000014 256400                      fmt_d db "%d", 0
    22 00000017 722B00                      access db "r+", 0
    23                                      len equ 1
    24 0000001A 00                          char db 0
    25 0000001B 00000000                    nr_voc dd 0
    26                                      
    27                                      
    28                                  segment code use32 class=code
    29                                      start:
    30                                          
    31 00000000 68[17000000]                    push dword access
    32 00000005 68[04000000]                    push dword nume_fisier
    33 0000000A FF15[00000000]                  call [fopen]
    34 00000010 83C408                          add esp, 4*2
    35                                          
    36 00000013 83F800                          cmp eax, 0
    37 00000016 747D                            je close
    38                                          
    39 00000018 A3[00000000]                    mov [desc_fisier], eax
    40                                          
    41                                          citire:
    42                                              
    43 0000001D FF35[00000000]                      push dword [desc_fisier]
    44 00000023 6A01                                push dword len
    45 00000025 6A01                                push dword 1
    46 00000027 68[1A000000]                        push dword char
    47 0000002C FF15[00000000]                      call [fread]
    48 00000032 83C410                              add esp, 4*4
    49                                              
    50 00000035 803D[1A000000]21                    cmp byte [char], '!'
    51 0000003C 7437                                je final
    52                                              
    53                                              check_char:
    54 0000003E 803D[1A000000]61                        cmp byte [char], 'a'
    55 00000045 7426                                    je incremenet
    56                                                  
    57 00000047 803D[1A000000]65                        cmp byte [char], 'e'
    58 0000004E 741D                                    je incremenet
    59                                                  
    60 00000050 803D[1A000000]69                        cmp byte [char], 'i'
    61 00000057 7414                                    je incremenet
    62                                                  
    63 00000059 803D[1A000000]6F                        cmp byte [char], 'o'
    64 00000060 740B                                    je incremenet
    65                                                  
    66 00000062 803D[1A000000]75                        cmp byte [char], 'u'
    67 00000069 7402                                    je incremenet
    68                                                  
    69 0000006B EB06                                    jmp not_voc
    70                                                  
    71                                                  incremenet:
    72 0000006D FF05[1B000000]                              inc dword [nr_voc]
    73                                                  
    74                                                  not_voc:
    75                                                  
    76                                                  
    77                                              
    78 00000073 EBA8                            jmp citire
    79                                      final:
    80                                          
    81 00000075 FF35[1B000000]                  push dword [nr_voc]
    82 0000007B 68[14000000]                    push dword fmt_d
    83 00000080 FF15[00000000]                  call [printf]
    84                                          
    85                                          
    86 00000086 FF35[00000000]                  push dword [desc_fisier]
    87 0000008C FF15[00000000]                  call [fclose]
    88 00000092 83C404                          add esp, 4
    89                                          
    90                                      close:
    91 00000095 6A00                            push dword 0
    92 00000097 FF15[00000000]                  call [exit]
